d:\work\common-project\tool_kits\protocol\debug\vc120.pdb
d:\work\common-project\tool_kits\protocol\debug\cmd_student_audio_start.obj
d:\work\common-project\tool_kits\protocol\debug\cmd_start_observe.obj
d:\work\common-project\tool_kits\protocol\debug\cmd_replay_receive.obj
d:\work\common-project\tool_kits\protocol\debug\cmd_replay_ask.obj
d:\work\common-project\tool_kits\protocol\debug\cmd_observe_data.obj
d:\work\common-project\tool_kits\protocol\debug\cmd_group_teacher_eraser.obj
d:\work\common-project\tool_kits\protocol\debug\cmd_group_teacher_draw.obj
d:\work\common-project\tool_kits\protocol\debug\cmd_group_student_draw.obj
d:\work\common-project\tool_kits\protocol\debug\cmd_exchange_user_info.obj
d:\work\common-project\tool_kits\protocol\debug\cmd_exchange_data.obj
d:\work\common-project\tool_kits\protocol\debug\cmd_end_course.obj
d:\work\common-project\tool_kits\protocol\debug\cmd_clear_game_board.obj
d:\work\common-project\tool_kits\protocol\debug\cmd_check_heartbeat_from_peer.obj
d:\work\common-project\tool_kits\protocol\debug\cmd_audio_start.obj
d:\work\common-project\tool_kits\protocol\debug\cmd_group_with_timestamp.obj
d:\work\common-project\tool_kits\protocol\debug\command_group.obj
d:\work\common-project\tool_kits\protocol\debug\command_factory.obj
d:\work\common-project\tool_kits\protocol\debug\command_cell.obj
d:\work\common-project\tool_kits\protocol\debug\command.obj
d:\work\common-project\tool_kits\protocol\debug\command_group_with_draw_list.obj
d:\work\common-project\tool_kits\protocol\debug\cmd_teacher_change_price.obj
d:\work\common-project\tool_kits\protocol\debug\cmd_teacher_change_photo_page.obj
d:\work\common-project\tool_kits\protocol\debug\cmd_teacher_change_game_board.obj
d:\work\common-project\tool_kits\protocol\debug\cmd_teacher_change_color.obj
d:\work\common-project\tool_kits\protocol\debug\cmd_teacher_change_board_pager.obj
d:\work\common-project\tool_kits\protocol\debug\cmd_teacher_allow_forbid_stu_speak.obj
d:\work\common-project\tool_kits\protocol\debug\cmd_teacher_add_cancel_stu_chess.obj
d:\work\common-project\tool_kits\protocol\debug\cmd_student_revoke.obj
d:\work\common-project\tool_kits\protocol\debug\cmd_student_recv_course_start.obj
d:\work\common-project\tool_kits\protocol\debug\cmd_student_move_chess.obj
d:\work\common-project\tool_kits\protocol\debug\cmd_student_hangsup_speak.obj
d:\work\common-project\tool_kits\protocol\debug\cmd_student_draw_start.obj
d:\work\common-project\tool_kits\protocol\debug\cmd_student_draw_move.obj
d:\work\common-project\tool_kits\protocol\debug\cmd_student_draw_end.obj
d:\work\common-project\tool_kits\protocol\debug\cmd_student_clean.obj
d:\work\common-project\tool_kits\protocol\debug\cmd_student_charge_balance.obj
d:\work\common-project\tool_kits\protocol\debug\cmd_student_change_ppt_pager.obj
d:\work\common-project\tool_kits\protocol\debug\cmd_student_change_photo_pager.obj
d:\work\common-project\tool_kits\protocol\debug\cmd_student_change_game_board.obj
d:\work\common-project\tool_kits\protocol\debug\cmd_student_change_board_pager.obj
d:\work\common-project\tool_kits\protocol\debug\cmd_teacher_new_game_board.obj
d:\work\common-project\tool_kits\protocol\debug\cmd_teacher_move_chess.obj
d:\work\common-project\tool_kits\protocol\debug\cmd_teacher_mark_manual_chess.obj
d:\work\common-project\tool_kits\protocol\debug\cmd_teacher_forbidden_student_oper.obj
d:\work\common-project\tool_kits\protocol\debug\cmd_teacher_exchange_stu_chess.obj
d:\work\common-project\tool_kits\protocol\debug\cmd_teacher_eraser_draw_up.obj
d:\work\common-project\tool_kits\protocol\debug\cmd_teacher_eraser_draw_move.obj
d:\work\common-project\tool_kits\protocol\debug\cmd_teacher_eraser_draw_down.obj
d:\work\common-project\tool_kits\protocol\debug\cmd_teacher_draw_start.obj
d:\work\common-project\tool_kits\protocol\debug\cmd_teacher_draw_move.obj
d:\work\common-project\tool_kits\protocol\debug\cmd_teacher_draw_end.obj
d:\work\common-project\tool_kits\protocol\debug\cmd_teacher_clean.obj
d:\work\common-project\tool_kits\protocol\debug\cmd_teacher_class_upload_ppt_files.obj
d:\work\common-project\tool_kits\protocol\debug\cmd_teacher_class_upload_chess_manual.obj
d:\work\common-project\tool_kits\protocol\debug\cmd_teacher_class_end_upload.obj
d:\work\common-project\tool_kits\protocol\debug\cmd_teacher_class_clean_ppt.obj
d:\work\common-project\tool_kits\protocol\debug\cmd_teacher_class_change_ppt_pager.obj
d:\work\common-project\tool_kits\protocol\debug\cmd_teacher_class_begin_upload.obj
d:\work\common-project\tool_kits\protocol\debug\cmd_teacher_check_manual_chess.obj
d:\work\common-project\tool_kits\protocol\debug\cmd_teacher_change_to_ppt.obj
d:\work\common-project\tool_kits\protocol\debug\command_factory_default.obj
d:\work\common-project\tool_kits\protocol\debug\cmd_upload_img.obj
d:\work\common-project\tool_kits\protocol\debug\cmd_times_sign.obj
d:\work\common-project\tool_kits\protocol\debug\cmd_teacher_upload_ppt_files.obj
d:\work\common-project\tool_kits\protocol\debug\cmd_teacher_sync_current_chess_board.obj
d:\work\common-project\tool_kits\protocol\debug\cmd_teacher_start_sync_current_chess_board.obj
d:\work\common-project\tool_kits\protocol\debug\cmd_teacher_start_pause_stu_chess.obj
d:\work\common-project\tool_kits\protocol\debug\cmd_teacher_start_course.obj
d:\work\common-project\tool_kits\protocol\debug\cmd_teacher_show_board_rule.obj
d:\work\common-project\tool_kits\protocol\debug\cmd_teacher_revoke.obj
d:\work\common-project\tool_kits\protocol\debug\cmd_teacher_reset_ppt.obj
d:\work\common-project\tool_kits\win32\debug\protocol_d.lib
d:\work\common-project\tool_kits\protocol\debug\protocol.tlog\cl.command.1.tlog
d:\work\common-project\tool_kits\protocol\debug\protocol.tlog\cl.read.1.tlog
d:\work\common-project\tool_kits\protocol\debug\protocol.tlog\cl.write.1.tlog
d:\work\common-project\tool_kits\protocol\debug\protocol.tlog\lib-link.read.1.tlog
d:\work\common-project\tool_kits\protocol\debug\protocol.tlog\lib-link.write.1.tlog
d:\work\common-project\tool_kits\protocol\debug\protocol.tlog\lib.command.1.tlog
