Build started 2018/11/2 15:56:23.
     1>Project "D:\Work\common-project\tool_kits\protocol\protocol.vcxproj" on node 2 (Build target(s)).
     1>ClCompile:
         C:\Program Files (x86)\Microsoft Visual Studio 12.0\VC\bin\CL.exe /c /I.\GeneratedFiles /I. /I.. /ID:\Qt\Qt5.5.1\5.5\msvc2013\include /I.\GeneratedFiles\Debug /ID:\Qt\Qt5.5.1\5.5\msvc2013\include\QtCore /ID:\Qt\Qt5.5.1\5.5\msvc2013\include\QtGui /I..\..\..\libs\include /Zi /nologo /W1 /WX- /Od /Oy- /D UNICODE /D WIN32 /D WIN64 /D QT_DLL /D QT_CORE_LIB /D QT_GUI_LIB /D PROTOCOL_LIB /D _USING_V110_SDK71_ /Gm- /EHsc /MDd /GS /fp:precise /Zc:wchar_t /Zc:forScope /Fo"Debug\\" /Fd"Debug\vc120.pdb" /Gd /TP /analyze- /errorReport:prompt command\base\command_group_with_draw_list.cpp command\base\command.cpp command\base\command_cell.cpp command\base\command_factory.cpp command\base\command_group.cpp command\commands\cmd_group_with_timestamp.cpp command\commands\cmd_audio_start.cpp command\commands\cmd_check_heartbeat_from_peer.cpp command\commands\cmd_clear_game_board.cpp command\commands\cmd_end_course.cpp command\commands\cmd_exchange_data.cpp command\commands\cmd_exchange_user_info.cpp command\commands\cmd_group_student_draw.cpp command\commands\cmd_group_teacher_draw.cpp command\commands\cmd_group_teacher_eraser.cpp command\commands\cmd_observe_data.cpp command\commands\cmd_replay_ask.cpp command\commands\cmd_replay_receive.cpp command\commands\cmd_start_observe.cpp command\commands\cmd_student_audio_start.cpp command\commands\cmd_student_change_board_pager.cpp command\commands\cmd_student_change_game_board.cpp command\commands\cmd_student_change_photo_pager.cpp command\commands\cmd_student_change_ppt_pager.cpp command\commands\cmd_student_charge_balance.cpp command\commands\cmd_student_clean.cpp command\commands\cmd_student_draw_end.cpp command\commands\cmd_student_draw_move.cpp command\commands\cmd_student_draw_start.cpp command\commands\cmd_student_hangsup_speak.cpp command\commands\cmd_student_move_chess.cpp command\commands\cmd_student_recv_course_start.cpp command\commands\cmd_student_revoke.cpp command\commands\cmd_teacher_add_cancel_stu_chess.cpp command\commands\cmd_teacher_allow_forbid_stu_speak.cpp command\commands\cmd_teacher_change_board_pager.cpp command\commands\cmd_teacher_change_color.cpp command\commands\cmd_teacher_change_game_board.cpp command\commands\cmd_teacher_change_photo_page.cpp command\commands\cmd_teacher_change_price.cpp command\commands\cmd_teacher_change_to_ppt.cpp command\commands\cmd_teacher_check_manual_chess.cpp command\commands\cmd_teacher_class_begin_upload.cpp command\commands\cmd_teacher_class_change_ppt_pager.cpp command\commands\cmd_teacher_class_clean_ppt.cpp command\commands\cmd_teacher_class_end_upload.cpp command\commands\cmd_teacher_class_upload_chess_manual.cpp command\commands\cmd_teacher_class_upload_ppt_files.cpp command\commands\cmd_teacher_clean.cpp command\commands\cmd_teacher_draw_end.cpp command\commands\cmd_teacher_draw_move.cpp command\commands\cmd_teacher_draw_start.cpp command\commands\cmd_teacher_eraser_draw_down.cpp command\commands\cmd_teacher_eraser_draw_move.cpp command\commands\cmd_teacher_eraser_draw_up.cpp command\commands\cmd_teacher_exchange_stu_chess.cpp command\commands\cmd_teacher_forbidden_student_oper.cpp command\commands\cmd_teacher_mark_manual_chess.cpp command\commands\cmd_teacher_move_chess.cpp command\commands\cmd_teacher_new_game_board.cpp command\commands\cmd_teacher_new_game_board_ex.cpp command\commands\cmd_teacher_reset_ppt.cpp command\commands\cmd_teacher_revoke.cpp command\commands\cmd_teacher_show_board_rule.cpp command\commands\cmd_teacher_start_course.cpp command\commands\cmd_teacher_start_pause_stu_chess.cpp command\commands\cmd_teacher_start_sync_current_chess_board.cpp command\commands\cmd_teacher_sync_current_chess_board.cpp command\commands\cmd_teacher_upload_ppt_files.cpp command\commands\cmd_times_sign.cpp command\commands\cmd_upload_img.cpp command\command_factory_default.cpp
         command_group_with_draw_list.cpp
         command.cpp
         command_cell.cpp
         command_factory.cpp
         command_group.cpp
         cmd_group_with_timestamp.cpp
         cmd_audio_start.cpp
         cmd_check_heartbeat_from_peer.cpp
         cmd_clear_game_board.cpp
         cmd_end_course.cpp
         cmd_exchange_data.cpp
         cmd_exchange_user_info.cpp
         cmd_group_student_draw.cpp
         cmd_group_teacher_draw.cpp
         cmd_group_teacher_eraser.cpp
         cmd_observe_data.cpp
         cmd_replay_ask.cpp
         cmd_replay_receive.cpp
         cmd_start_observe.cpp
         cmd_student_audio_start.cpp
         Generating Code...
         Compiling...
         cmd_student_change_board_pager.cpp
         cmd_student_change_game_board.cpp
         cmd_student_change_photo_pager.cpp
         cmd_student_change_ppt_pager.cpp
         cmd_student_charge_balance.cpp
         cmd_student_clean.cpp
         cmd_student_draw_end.cpp
         cmd_student_draw_move.cpp
         cmd_student_draw_start.cpp
         cmd_student_hangsup_speak.cpp
         cmd_student_move_chess.cpp
         cmd_student_recv_course_start.cpp
         cmd_student_revoke.cpp
         cmd_teacher_add_cancel_stu_chess.cpp
         cmd_teacher_allow_forbid_stu_speak.cpp
         cmd_teacher_change_board_pager.cpp
         cmd_teacher_change_color.cpp
         cmd_teacher_change_game_board.cpp
         cmd_teacher_change_photo_page.cpp
         cmd_teacher_change_price.cpp
         Generating Code...
         Compiling...
         cmd_teacher_change_to_ppt.cpp
         cmd_teacher_check_manual_chess.cpp
         cmd_teacher_class_begin_upload.cpp
         cmd_teacher_class_change_ppt_pager.cpp
         cmd_teacher_class_clean_ppt.cpp
         cmd_teacher_class_end_upload.cpp
         cmd_teacher_class_upload_chess_manual.cpp
         cmd_teacher_class_upload_ppt_files.cpp
         cmd_teacher_clean.cpp
         cmd_teacher_draw_end.cpp
         cmd_teacher_draw_move.cpp
         cmd_teacher_draw_start.cpp
         cmd_teacher_eraser_draw_down.cpp
         cmd_teacher_eraser_draw_move.cpp
         cmd_teacher_eraser_draw_up.cpp
         cmd_teacher_exchange_stu_chess.cpp
         cmd_teacher_forbidden_student_oper.cpp
         cmd_teacher_mark_manual_chess.cpp
         cmd_teacher_move_chess.cpp
         cmd_teacher_new_game_board.cpp
         Generating Code...
         Compiling...
         cmd_teacher_new_game_board_ex.cpp
         cmd_teacher_reset_ppt.cpp
         cmd_teacher_revoke.cpp
         cmd_teacher_show_board_rule.cpp
         cmd_teacher_start_course.cpp
         cmd_teacher_start_pause_stu_chess.cpp
         cmd_teacher_start_sync_current_chess_board.cpp
         cmd_teacher_sync_current_chess_board.cpp
         cmd_teacher_upload_ppt_files.cpp
         cmd_times_sign.cpp
         cmd_upload_img.cpp
         command_factory_default.cpp
         Generating Code...
       Lib:
         C:\Program Files (x86)\Microsoft Visual Studio 12.0\VC\bin\Lib.exe /OUT:"D:\Work\common-project\tool_kits\Win32\Debug\protocol_d.lib" /NOLOGO Debug\command_group_with_draw_list.obj
         Debug\command.obj
         Debug\command_cell.obj
         Debug\command_factory.obj
         Debug\command_group.obj
         Debug\cmd_group_with_timestamp.obj
         Debug\cmd_audio_start.obj
         Debug\cmd_check_heartbeat_from_peer.obj
         Debug\cmd_clear_game_board.obj
         Debug\cmd_end_course.obj
         Debug\cmd_exchange_data.obj
         Debug\cmd_exchange_user_info.obj
         Debug\cmd_group_student_draw.obj
         Debug\cmd_group_teacher_draw.obj
         Debug\cmd_group_teacher_eraser.obj
         Debug\cmd_observe_data.obj
         Debug\cmd_replay_ask.obj
         Debug\cmd_replay_receive.obj
         Debug\cmd_start_observe.obj
         Debug\cmd_student_audio_start.obj
         Debug\cmd_student_change_board_pager.obj
         Debug\cmd_student_change_game_board.obj
         Debug\cmd_student_change_photo_pager.obj
         Debug\cmd_student_change_ppt_pager.obj
         Debug\cmd_student_charge_balance.obj
         Debug\cmd_student_clean.obj
         Debug\cmd_student_draw_end.obj
         Debug\cmd_student_draw_move.obj
         Debug\cmd_student_draw_start.obj
         Debug\cmd_student_hangsup_speak.obj
         Debug\cmd_student_move_chess.obj
         Debug\cmd_student_recv_course_start.obj
         Debug\cmd_student_revoke.obj
         Debug\cmd_teacher_add_cancel_stu_chess.obj
         Debug\cmd_teacher_allow_forbid_stu_speak.obj
         Debug\cmd_teacher_change_board_pager.obj
         Debug\cmd_teacher_change_color.obj
         Debug\cmd_teacher_change_game_board.obj
         Debug\cmd_teacher_change_photo_page.obj
         Debug\cmd_teacher_change_price.obj
         Debug\cmd_teacher_change_to_ppt.obj
         Debug\cmd_teacher_check_manual_chess.obj
         Debug\cmd_teacher_class_begin_upload.obj
         Debug\cmd_teacher_class_change_ppt_pager.obj
         Debug\cmd_teacher_class_clean_ppt.obj
         Debug\cmd_teacher_class_end_upload.obj
         Debug\cmd_teacher_class_upload_chess_manual.obj
         Debug\cmd_teacher_class_upload_ppt_files.obj
         Debug\cmd_teacher_clean.obj
         Debug\cmd_teacher_draw_end.obj
         Debug\cmd_teacher_draw_move.obj
         Debug\cmd_teacher_draw_start.obj
         Debug\cmd_teacher_eraser_draw_down.obj
         Debug\cmd_teacher_eraser_draw_move.obj
         Debug\cmd_teacher_eraser_draw_up.obj
         Debug\cmd_teacher_exchange_stu_chess.obj
         Debug\cmd_teacher_forbidden_student_oper.obj
         Debug\cmd_teacher_mark_manual_chess.obj
         Debug\cmd_teacher_move_chess.obj
         Debug\cmd_teacher_new_game_board.obj
         Debug\cmd_teacher_new_game_board_ex.obj
         Debug\cmd_teacher_reset_ppt.obj
         Debug\cmd_teacher_revoke.obj
         Debug\cmd_teacher_show_board_rule.obj
         Debug\cmd_teacher_start_course.obj
         Debug\cmd_teacher_start_pause_stu_chess.obj
         Debug\cmd_teacher_start_sync_current_chess_board.obj
         Debug\cmd_teacher_sync_current_chess_board.obj
         Debug\cmd_teacher_upload_ppt_files.obj
         Debug\cmd_times_sign.obj
         Debug\cmd_upload_img.obj
         Debug\command_factory_default.obj
         protocol.vcxproj -> D:\Work\common-project\tool_kits\Win32\Debug\protocol_d.lib
       PostBuildEvent:
         del "D:\Work\common-project\tool_kits\..\..\libs\include\protocol\" /q /f /s
         rmdir "D:\Work\common-project\tool_kits\..\..\libs\include\protocol\"
         xcopy "D:\Work\common-project\tool_kits\protocol\*.h" "D:\Work\common-project\tool_kits\..\..\libs\include\protocol\" /S /E /Y
         xcopy "D:\Work\common-project\tool_kits\Win32\Debug\protocol_d.lib" "D:\Work\common-project\tool_kits\..\..\libs\" /S /E /Y
         :VCEnd
         删除文件 - D:\Work\libs\include\protocol\macros.h
         删除文件 - D:\Work\libs\include\protocol\command\command_factory_default.h
         删除文件 - D:\Work\libs\include\protocol\command\command_types.h
         删除文件 - D:\Work\libs\include\protocol\command\base\command.h
         删除文件 - D:\Work\libs\include\protocol\command\base\command_cell.h
         删除文件 - D:\Work\libs\include\protocol\command\base\command_cell_with_draw.h
         删除文件 - D:\Work\libs\include\protocol\command\base\command_class_runtime_info.h
         删除文件 - D:\Work\libs\include\protocol\command\base\command_factory.h
         删除文件 - D:\Work\libs\include\protocol\command\base\command_fwd.h
         删除文件 - D:\Work\libs\include\protocol\command\base\command_group.h
         删除文件 - D:\Work\libs\include\protocol\command\base\command_group_with_draw_list.h
         删除文件 - D:\Work\libs\include\protocol\command\base\command_variant.h
         删除文件 - D:\Work\libs\include\protocol\command\commands\cmd_audio_start.h
         删除文件 - D:\Work\libs\include\protocol\command\commands\cmd_check_heartbeat_from_peer.h
         删除文件 - D:\Work\libs\include\protocol\command\commands\cmd_clear_game_board.h
         删除文件 - D:\Work\libs\include\protocol\command\commands\cmd_end_course.h
         删除文件 - D:\Work\libs\include\protocol\command\commands\cmd_exchange_data.h
         删除文件 - D:\Work\libs\include\protocol\command\commands\cmd_exchange_user_info.h
         删除文件 - D:\Work\libs\include\protocol\command\commands\cmd_group_student_draw.h
         删除文件 - D:\Work\libs\include\protocol\command\commands\cmd_group_teacher_draw.h
         删除文件 - D:\Work\libs\include\protocol\command\commands\cmd_group_teacher_eraser.h
         删除文件 - D:\Work\libs\include\protocol\command\commands\cmd_group_with_timestamp.h
         删除文件 - D:\Work\libs\include\protocol\command\commands\cmd_observe_data.h
         删除文件 - D:\Work\libs\include\protocol\command\commands\cmd_replay_ask.h
         删除文件 - D:\Work\libs\include\protocol\command\commands\cmd_replay_receive.h
         删除文件 - D:\Work\libs\include\protocol\command\commands\cmd_start_observe.h
         删除文件 - D:\Work\libs\include\protocol\command\commands\cmd_student_audio_start.h
         删除文件 - D:\Work\libs\include\protocol\command\commands\cmd_student_change_board_pager.h
         删除文件 - D:\Work\libs\include\protocol\command\commands\cmd_student_change_game_board.h
         删除文件 - D:\Work\libs\include\protocol\command\commands\cmd_student_change_photo_pager.h
         删除文件 - D:\Work\libs\include\protocol\command\commands\cmd_student_change_ppt_pager.h
         删除文件 - D:\Work\libs\include\protocol\command\commands\cmd_student_charge_balance.h
         删除文件 - D:\Work\libs\include\protocol\command\commands\cmd_student_clean.h
         删除文件 - D:\Work\libs\include\protocol\command\commands\cmd_student_draw_end.h
         删除文件 - D:\Work\libs\include\protocol\command\commands\cmd_student_draw_move.h
         删除文件 - D:\Work\libs\include\protocol\command\commands\cmd_student_draw_start.h
         删除文件 - D:\Work\libs\include\protocol\command\commands\cmd_student_hangsup_speak.h
         删除文件 - D:\Work\libs\include\protocol\command\commands\cmd_student_move_chess.h
         删除文件 - D:\Work\libs\include\protocol\command\commands\cmd_student_recv_course_start.h
         删除文件 - D:\Work\libs\include\protocol\command\commands\cmd_student_revoke.h
         删除文件 - D:\Work\libs\include\protocol\command\commands\cmd_teacher_add_cancel_stu_chess.h
         删除文件 - D:\Work\libs\include\protocol\command\commands\cmd_teacher_allow_forbid_stu_speak.h
         删除文件 - D:\Work\libs\include\protocol\command\commands\cmd_teacher_change_board_pager.h
         删除文件 - D:\Work\libs\include\protocol\command\commands\cmd_teacher_change_color.h
         删除文件 - D:\Work\libs\include\protocol\command\commands\cmd_teacher_change_game_board.h
         删除文件 - D:\Work\libs\include\protocol\command\commands\cmd_teacher_change_photo_page.h
         删除文件 - D:\Work\libs\include\protocol\command\commands\cmd_teacher_change_price.h
         删除文件 - D:\Work\libs\include\protocol\command\commands\cmd_teacher_change_to_ppt.h
         删除文件 - D:\Work\libs\include\protocol\command\commands\cmd_teacher_check_manual_chess.h
         删除文件 - D:\Work\libs\include\protocol\command\commands\cmd_teacher_class_begin_upload.h
         删除文件 - D:\Work\libs\include\protocol\command\commands\cmd_teacher_class_change_ppt_pager.h
         删除文件 - D:\Work\libs\include\protocol\command\commands\cmd_teacher_class_clean_ppt.h
         删除文件 - D:\Work\libs\include\protocol\command\commands\cmd_teacher_class_end_upload.h
         删除文件 - D:\Work\libs\include\protocol\command\commands\cmd_teacher_class_upload_chess_manual.h
         删除文件 - D:\Work\libs\include\protocol\command\commands\cmd_teacher_class_upload_ppt_files.h
         删除文件 - D:\Work\libs\include\protocol\command\commands\cmd_teacher_clean.h
         删除文件 - D:\Work\libs\include\protocol\command\commands\cmd_teacher_draw_end.h
         删除文件 - D:\Work\libs\include\protocol\command\commands\cmd_teacher_draw_move.h
         删除文件 - D:\Work\libs\include\protocol\command\commands\cmd_teacher_draw_start.h
         删除文件 - D:\Work\libs\include\protocol\command\commands\cmd_teacher_eraser_draw_down.h
         删除文件 - D:\Work\libs\include\protocol\command\commands\cmd_teacher_eraser_draw_move.h
         删除文件 - D:\Work\libs\include\protocol\command\commands\cmd_teacher_eraser_draw_up.h
         删除文件 - D:\Work\libs\include\protocol\command\commands\cmd_teacher_exchange_stu_chess.h
         删除文件 - D:\Work\libs\include\protocol\command\commands\cmd_teacher_forbidden_student_oper.h
         删除文件 - D:\Work\libs\include\protocol\command\commands\cmd_teacher_mark_manual_chess.h
         删除文件 - D:\Work\libs\include\protocol\command\commands\cmd_teacher_move_chess.h
         删除文件 - D:\Work\libs\include\protocol\command\commands\cmd_teacher_new_game_board.h
         删除文件 - D:\Work\libs\include\protocol\command\commands\cmd_teacher_reset_ppt.h
         删除文件 - D:\Work\libs\include\protocol\command\commands\cmd_teacher_revoke.h
         删除文件 - D:\Work\libs\include\protocol\command\commands\cmd_teacher_show_board_rule.h
         删除文件 - D:\Work\libs\include\protocol\command\commands\cmd_teacher_start_course.h
         删除文件 - D:\Work\libs\include\protocol\command\commands\cmd_teacher_start_pause_stu_chess.h
         删除文件 - D:\Work\libs\include\protocol\command\commands\cmd_teacher_start_sync_current_chess_board.h
         删除文件 - D:\Work\libs\include\protocol\command\commands\cmd_teacher_sync_current_chess_board.h
         删除文件 - D:\Work\libs\include\protocol\command\commands\cmd_teacher_upload_ppt_files.h
         删除文件 - D:\Work\libs\include\protocol\command\commands\cmd_times_sign.h
         删除文件 - D:\Work\libs\include\protocol\command\commands\cmd_upload_img.h
         删除文件 - D:\Work\libs\include\protocol\utils\byte_parser.h
         目录不是空的。
         D:\Work\common-project\tool_kits\protocol\macros.h
         D:\Work\common-project\tool_kits\protocol\command\command_factory_default.h
         D:\Work\common-project\tool_kits\protocol\command\command_types.h
         D:\Work\common-project\tool_kits\protocol\command\base\command.h
         D:\Work\common-project\tool_kits\protocol\command\base\command_cell.h
         D:\Work\common-project\tool_kits\protocol\command\base\command_cell_with_draw.h
         D:\Work\common-project\tool_kits\protocol\command\base\command_class_runtime_info.h
         D:\Work\common-project\tool_kits\protocol\command\base\command_factory.h
         D:\Work\common-project\tool_kits\protocol\command\base\command_fwd.h
         D:\Work\common-project\tool_kits\protocol\command\base\command_group.h
         D:\Work\common-project\tool_kits\protocol\command\base\command_group_with_draw_list.h
         D:\Work\common-project\tool_kits\protocol\command\base\command_variant.h
         D:\Work\common-project\tool_kits\protocol\command\commands\cmd_audio_start.h
         D:\Work\common-project\tool_kits\protocol\command\commands\cmd_check_heartbeat_from_peer.h
         D:\Work\common-project\tool_kits\protocol\command\commands\cmd_clear_game_board.h
         D:\Work\common-project\tool_kits\protocol\command\commands\cmd_end_course.h
         D:\Work\common-project\tool_kits\protocol\command\commands\cmd_exchange_data.h
         D:\Work\common-project\tool_kits\protocol\command\commands\cmd_exchange_user_info.h
         D:\Work\common-project\tool_kits\protocol\command\commands\cmd_group_student_draw.h
         D:\Work\common-project\tool_kits\protocol\command\commands\cmd_group_teacher_draw.h
         D:\Work\common-project\tool_kits\protocol\command\commands\cmd_group_teacher_eraser.h
         D:\Work\common-project\tool_kits\protocol\command\commands\cmd_group_with_timestamp.h
         D:\Work\common-project\tool_kits\protocol\command\commands\cmd_observe_data.h
         D:\Work\common-project\tool_kits\protocol\command\commands\cmd_replay_ask.h
         D:\Work\common-project\tool_kits\protocol\command\commands\cmd_replay_receive.h
         D:\Work\common-project\tool_kits\protocol\command\commands\cmd_start_observe.h
         D:\Work\common-project\tool_kits\protocol\command\commands\cmd_student_audio_start.h
         D:\Work\common-project\tool_kits\protocol\command\commands\cmd_student_change_board_pager.h
         D:\Work\common-project\tool_kits\protocol\command\commands\cmd_student_change_game_board.h
         D:\Work\common-project\tool_kits\protocol\command\commands\cmd_student_change_photo_pager.h
         D:\Work\common-project\tool_kits\protocol\command\commands\cmd_student_change_ppt_pager.h
         D:\Work\common-project\tool_kits\protocol\command\commands\cmd_student_charge_balance.h
         D:\Work\common-project\tool_kits\protocol\command\commands\cmd_student_clean.h
         D:\Work\common-project\tool_kits\protocol\command\commands\cmd_student_draw_end.h
         D:\Work\common-project\tool_kits\protocol\command\commands\cmd_student_draw_move.h
         D:\Work\common-project\tool_kits\protocol\command\commands\cmd_student_draw_start.h
         D:\Work\common-project\tool_kits\protocol\command\commands\cmd_student_hangsup_speak.h
         D:\Work\common-project\tool_kits\protocol\command\commands\cmd_student_move_chess.h
         D:\Work\common-project\tool_kits\protocol\command\commands\cmd_student_recv_course_start.h
         D:\Work\common-project\tool_kits\protocol\command\commands\cmd_student_revoke.h
         D:\Work\common-project\tool_kits\protocol\command\commands\cmd_teacher_add_cancel_stu_chess.h
         D:\Work\common-project\tool_kits\protocol\command\commands\cmd_teacher_allow_forbid_stu_speak.h
         D:\Work\common-project\tool_kits\protocol\command\commands\cmd_teacher_change_board_pager.h
         D:\Work\common-project\tool_kits\protocol\command\commands\cmd_teacher_change_color.h
         D:\Work\common-project\tool_kits\protocol\command\commands\cmd_teacher_change_game_board.h
         D:\Work\common-project\tool_kits\protocol\command\commands\cmd_teacher_change_photo_page.h
         D:\Work\common-project\tool_kits\protocol\command\commands\cmd_teacher_change_price.h
         D:\Work\common-project\tool_kits\protocol\command\commands\cmd_teacher_change_to_ppt.h
         D:\Work\common-project\tool_kits\protocol\command\commands\cmd_teacher_check_manual_chess.h
         D:\Work\common-project\tool_kits\protocol\command\commands\cmd_teacher_class_begin_upload.h
         D:\Work\common-project\tool_kits\protocol\command\commands\cmd_teacher_class_change_ppt_pager.h
         D:\Work\common-project\tool_kits\protocol\command\commands\cmd_teacher_class_clean_ppt.h
         D:\Work\common-project\tool_kits\protocol\command\commands\cmd_teacher_class_end_upload.h
         D:\Work\common-project\tool_kits\protocol\command\commands\cmd_teacher_class_upload_chess_manual.h
         D:\Work\common-project\tool_kits\protocol\command\commands\cmd_teacher_class_upload_ppt_files.h
         D:\Work\common-project\tool_kits\protocol\command\commands\cmd_teacher_clean.h
         D:\Work\common-project\tool_kits\protocol\command\commands\cmd_teacher_draw_end.h
         D:\Work\common-project\tool_kits\protocol\command\commands\cmd_teacher_draw_move.h
         D:\Work\common-project\tool_kits\protocol\command\commands\cmd_teacher_draw_start.h
         D:\Work\common-project\tool_kits\protocol\command\commands\cmd_teacher_eraser_draw_down.h
         D:\Work\common-project\tool_kits\protocol\command\commands\cmd_teacher_eraser_draw_move.h
         D:\Work\common-project\tool_kits\protocol\command\commands\cmd_teacher_eraser_draw_up.h
         D:\Work\common-project\tool_kits\protocol\command\commands\cmd_teacher_exchange_stu_chess.h
         D:\Work\common-project\tool_kits\protocol\command\commands\cmd_teacher_forbidden_student_oper.h
         D:\Work\common-project\tool_kits\protocol\command\commands\cmd_teacher_mark_manual_chess.h
         D:\Work\common-project\tool_kits\protocol\command\commands\cmd_teacher_move_chess.h
         D:\Work\common-project\tool_kits\protocol\command\commands\cmd_teacher_new_game_board.h
         D:\Work\common-project\tool_kits\protocol\command\commands\cmd_teacher_new_game_board_ex.h
         D:\Work\common-project\tool_kits\protocol\command\commands\cmd_teacher_reset_ppt.h
         D:\Work\common-project\tool_kits\protocol\command\commands\cmd_teacher_revoke.h
         D:\Work\common-project\tool_kits\protocol\command\commands\cmd_teacher_show_board_rule.h
         D:\Work\common-project\tool_kits\protocol\command\commands\cmd_teacher_start_course.h
         D:\Work\common-project\tool_kits\protocol\command\commands\cmd_teacher_start_pause_stu_chess.h
         D:\Work\common-project\tool_kits\protocol\command\commands\cmd_teacher_start_sync_current_chess_board.h
         D:\Work\common-project\tool_kits\protocol\command\commands\cmd_teacher_sync_current_chess_board.h
         D:\Work\common-project\tool_kits\protocol\command\commands\cmd_teacher_upload_ppt_files.h
         D:\Work\common-project\tool_kits\protocol\command\commands\cmd_times_sign.h
         D:\Work\common-project\tool_kits\protocol\command\commands\cmd_upload_img.h
         D:\Work\common-project\tool_kits\protocol\utils\byte_parser.h
         复制了 79 个文件
         D:\Work\common-project\tool_kits\Win32\Debug\protocol_d.lib
         复制了 1 个文件
     1>Done Building Project "D:\Work\common-project\tool_kits\protocol\protocol.vcxproj" (Build target(s)).

Build succeeded.

Time Elapsed 00:00:38.61
