d:\work\common-project\tool_kits\stockfish\debug\vc120.pdb
d:\work\common-project\tool_kits\stockfish\debug\vc120.idb
d:\work\common-project\tool_kits\stockfish\debug\position_adapter.obj
d:\work\common-project\tool_kits\stockfish\debug\benchmark.obj
d:\work\common-project\tool_kits\stockfish\debug\bitbase.obj
d:\work\common-project\tool_kits\stockfish\debug\bitboard.obj
d:\work\common-project\tool_kits\stockfish\debug\book.obj
d:\work\common-project\tool_kits\stockfish\debug\endgame.obj
d:\work\common-project\tool_kits\stockfish\debug\evaluate.obj
d:\work\common-project\tool_kits\stockfish\debug\material.obj
d:\work\common-project\tool_kits\stockfish\debug\misc.obj
d:\work\common-project\tool_kits\stockfish\debug\movegen.obj
d:\work\common-project\tool_kits\stockfish\debug\movepick.obj
d:\work\common-project\tool_kits\stockfish\debug\notation.obj
d:\work\common-project\tool_kits\stockfish\debug\pawns.obj
d:\work\common-project\tool_kits\stockfish\debug\position.obj
d:\work\common-project\tool_kits\stockfish\debug\search.obj
d:\work\common-project\tool_kits\stockfish\debug\thread.obj
d:\work\common-project\tool_kits\stockfish\debug\timeman.obj
d:\work\common-project\tool_kits\stockfish\debug\tt.obj
d:\work\common-project\tool_kits\stockfish\debug\uci.obj
d:\work\common-project\tool_kits\stockfish\debug\ucioption.obj
d:\work\common-project\tool_kits\debug\stockfish_d.lib
d:\work\common-project\tool_kits\stockfish\debug\stockfish.tlog\cl.command.1.tlog
d:\work\common-project\tool_kits\stockfish\debug\stockfish.tlog\cl.read.1.tlog
d:\work\common-project\tool_kits\stockfish\debug\stockfish.tlog\cl.write.1.tlog
d:\work\common-project\tool_kits\stockfish\debug\stockfish.tlog\lib-link.read.1.tlog
d:\work\common-project\tool_kits\stockfish\debug\stockfish.tlog\lib-link.write.1.tlog
d:\work\common-project\tool_kits\stockfish\debug\stockfish.tlog\lib.command.1.tlog
