d:\work\common-project\tool_kits\game\debug\vc120.pdb
d:\work\common-project\tool_kits\game\debug\ui_chess_path_marker_layer.obj
d:\work\common-project\tool_kits\game\debug\ui_chess_operational_layer.obj
d:\work\common-project\tool_kits\game\debug\chess_trait.obj
d:\work\common-project\tool_kits\game\debug\stockfish_converter.obj
d:\work\common-project\tool_kits\game\debug\chess_rule_adapter.obj
d:\work\common-project\tool_kits\game\debug\chess_action_error.obj
d:\work\common-project\tool_kits\game\debug\grid_index.obj
d:\work\common-project\tool_kits\game\debug\game_action_result.obj
d:\work\common-project\tool_kits\game\debug\moc_ui_chess_path_marker_layer.obj
d:\work\common-project\tool_kits\game\debug\moc_ui_chess_operational_layer.obj
d:\work\common-project\tool_kits\game\debug\moc_ui_go_operational_layer.obj
d:\work\common-project\tool_kits\game\debug\moc_ui_go_game_board_wrapper.obj
d:\work\common-project\tool_kits\game\debug\moc_ui_go_game_board.obj
d:\work\common-project\tool_kits\game\debug\moc_ui_go_color_basket.obj
d:\work\common-project\tool_kits\game\debug\moc_ui_go_basket_o2o.obj
d:\work\common-project\tool_kits\game\debug\moc_ui_go_basket_base.obj
d:\work\common-project\tool_kits\game\debug\moc_ui_game_board_wrapper.obj
d:\work\common-project\tool_kits\game\debug\moc_ui_game_board_base.obj
d:\work\common-project\tool_kits\game\debug\moc_ui_chess_piece_in_basket.obj
d:\work\common-project\tool_kits\game\debug\moc_ui_chess_piece_base.obj
d:\work\common-project\tool_kits\game\debug\moc_ui_chess_piece.obj
d:\work\common-project\tool_kits\game\debug\moc_ui_chess_game_board_wrapper.obj
d:\work\common-project\tool_kits\game\debug\moc_ui_chess_game_board.obj
d:\work\common-project\tool_kits\game\debug\moc_ui_chess_basket_o2o.obj
d:\work\common-project\tool_kits\game\debug\moc_ui_chess_basket_base.obj
d:\work\common-project\tool_kits\game\debug\moc_ui_arrow_line.obj
d:\work\common-project\tool_kits\game\debug\moc_ui_animation_layer.obj
d:\work\common-project\tool_kits\game\debug\moc_message_processor.obj
d:\work\common-project\tool_kits\game\debug\chess_record.obj
d:\work\common-project\tool_kits\game\debug\chess_game_action_notate_manually.obj
d:\work\common-project\tool_kits\game\debug\chess_game_action_new_board_ex.obj
d:\work\common-project\tool_kits\game\debug\chess_game_action_new_board.obj
d:\work\common-project\tool_kits\game\debug\chess_game_action_move_outof_board.obj
d:\work\common-project\tool_kits\game\debug\chess_game_action_move_into_board.obj
d:\work\common-project\tool_kits\game\debug\chess_game_action_move_insideof_board.obj
d:\work\common-project\tool_kits\game\debug\chess_game_action_factory.obj
d:\work\common-project\tool_kits\game\debug\chess_game_action_clear_board.obj
d:\work\common-project\tool_kits\game\debug\chess_game_action.obj
d:\work\common-project\tool_kits\game\debug\game_board_base.obj
d:\work\common-project\tool_kits\game\debug\game_action_with_result.obj
d:\work\common-project\tool_kits\game\debug\chess_info_matrix.obj
d:\work\common-project\tool_kits\game\debug\moc_widget_with_pixmap.obj
d:\work\common-project\tool_kits\game\debug\moc_ui_scale_line_layer.obj
d:\work\common-project\tool_kits\game\debug\moc_ui_scale_line.obj
d:\work\common-project\tool_kits\game\debug\moc_ui_grid_mark.obj
d:\work\common-project\tool_kits\game\debug\moc_ui_go_piece_in_basket.obj
d:\work\common-project\tool_kits\game\debug\moc_ui_go_piece.obj
d:\work\common-project\tool_kits\game\debug\ui_chess_basket_base.obj
d:\work\common-project\tool_kits\game\debug\ui_arrow_line.obj
d:\work\common-project\tool_kits\game\debug\ui_grid_mark.obj
d:\work\common-project\tool_kits\game\debug\message_processor.obj
d:\work\common-project\tool_kits\game\debug\go_record.obj
d:\work\common-project\tool_kits\game\debug\go_game_board.obj
d:\work\common-project\tool_kits\game\debug\go_game_action_clear_board.obj
d:\work\common-project\tool_kits\game\debug\go_game_action.obj
d:\work\common-project\tool_kits\game\debug\go_action_error.obj
d:\work\common-project\tool_kits\game\debug\go_game_action_notate_manually.obj
d:\work\common-project\tool_kits\game\debug\go_game_action_new_board_ex.obj
d:\work\common-project\tool_kits\game\debug\go_game_action_new_board.obj
d:\work\common-project\tool_kits\game\debug\go_game_action_move_outof_board.obj
d:\work\common-project\tool_kits\game\debug\go_game_action_move_into_board.obj
d:\work\common-project\tool_kits\game\debug\go_game_action_move_insideof_board.obj
d:\work\common-project\tool_kits\game\debug\go_game_action_factory.obj
d:\work\common-project\tool_kits\game\debug\command_handler.obj
d:\work\common-project\tool_kits\game\debug\chess_game_board.obj
d:\work\common-project\tool_kits\game\debug\ui_chess_game_board_wrapper.obj
d:\work\common-project\tool_kits\game\debug\ui_chess_game_board.obj
d:\work\common-project\tool_kits\game\debug\ui_chess_basket_o2o.obj
d:\work\common-project\tool_kits\game\debug\widget_with_pixmap.obj
d:\work\common-project\tool_kits\game\debug\ui_scale_line_layer.obj
d:\work\common-project\tool_kits\game\debug\ui_scale_line.obj
d:\work\common-project\tool_kits\game\debug\ui_go_game_board_wrapper.obj
d:\work\common-project\tool_kits\game\debug\ui_go_game_board.obj
d:\work\common-project\tool_kits\game\debug\ui_go_operational_layer.obj
d:\work\common-project\tool_kits\game\debug\ui_go_color_basket.obj
d:\work\common-project\tool_kits\game\debug\ui_go_basket_o2o.obj
d:\work\common-project\tool_kits\game\debug\ui_go_basket_base.obj
d:\work\common-project\tool_kits\game\debug\ui_chess_piece_in_basket.obj
d:\work\common-project\tool_kits\game\debug\ui_game_board_wrapper.obj
d:\work\common-project\tool_kits\game\debug\ui_animation_layer.obj
d:\work\common-project\tool_kits\game\debug\ui_game_board_base.obj
d:\work\common-project\tool_kits\game\debug\ui_chess_piece_base.obj
d:\work\common-project\tool_kits\game\debug\qrc_game.obj
d:\work\common-project\tool_kits\game\generatedfiles\debug\moc_ui_grid_mark.cpp
d:\work\common-project\tool_kits\game\generatedfiles\debug\moc_ui_go_basket_base.cpp
d:\work\common-project\tool_kits\game\generatedfiles\debug\moc_ui_scale_line.cpp
d:\work\common-project\tool_kits\game\generatedfiles\debug\moc_ui_scale_line_layer.cpp
d:\work\common-project\tool_kits\game\generatedfiles\debug\moc_ui_go_operational_layer.cpp
d:\work\common-project\tool_kits\game\generatedfiles\debug\moc_ui_chess_basket_base.cpp
d:\work\common-project\tool_kits\game\generatedfiles\debug\moc_ui_chess_basket_o2o.cpp
d:\work\common-project\tool_kits\game\generatedfiles\debug\moc_widget_with_pixmap.cpp
d:\work\common-project\tool_kits\game\generatedfiles\debug\moc_ui_chess_piece_in_basket.cpp
d:\work\common-project\tool_kits\game\generatedfiles\debug\moc_ui_game_board_wrapper.cpp
d:\work\common-project\tool_kits\game\generatedfiles\debug\moc_ui_game_board_base.cpp
d:\work\common-project\tool_kits\game\generatedfiles\debug\moc_ui_go_piece.cpp
d:\work\common-project\tool_kits\game\generatedfiles\debug\moc_ui_go_game_board.cpp
d:\work\common-project\tool_kits\game\generatedfiles\debug\moc_ui_go_piece_in_basket.cpp
d:\work\common-project\tool_kits\game\generatedfiles\debug\moc_ui_go_color_basket.cpp
d:\work\common-project\tool_kits\game\generatedfiles\debug\moc_ui_go_game_board_wrapper.cpp
d:\work\common-project\tool_kits\game\generatedfiles\debug\moc_ui_go_basket_o2o.cpp
d:\work\common-project\tool_kits\game\generatedfiles\debug\moc_ui_chess_operational_layer.cpp
d:\work\common-project\tool_kits\game\generatedfiles\debug\moc_ui_arrow_line.cpp
d:\work\common-project\tool_kits\game\generatedfiles\debug\moc_ui_animation_layer.cpp
d:\work\common-project\tool_kits\game\generatedfiles\debug\moc_ui_chess_game_board_wrapper.cpp
d:\work\common-project\tool_kits\game\generatedfiles\debug\moc_ui_chess_piece.cpp
d:\work\common-project\tool_kits\game\generatedfiles\debug\moc_message_processor.cpp
d:\work\common-project\tool_kits\game\generatedfiles\debug\moc_ui_chess_piece_base.cpp
d:\work\common-project\tool_kits\game\generatedfiles\debug\moc_ui_chess_game_board.cpp
d:\work\common-project\tool_kits\game\generatedfiles\qrc_game.cpp
d:\work\common-project\tool_kits\game\generatedfiles\debug\moc_ui_chess_path_marker_layer.cpp
d:\work\common-project\tool_kits\win32\debug\game_d.lib
d:\work\common-project\tool_kits\game\debug\game.tlog\cl.command.1.tlog
d:\work\common-project\tool_kits\game\debug\game.tlog\cl.read.1.tlog
d:\work\common-project\tool_kits\game\debug\game.tlog\cl.write.1.tlog
d:\work\common-project\tool_kits\game\debug\game.tlog\custombuild.command.1.tlog
d:\work\common-project\tool_kits\game\debug\game.tlog\custombuild.read.1.tlog
d:\work\common-project\tool_kits\game\debug\game.tlog\custombuild.write.1.tlog
d:\work\common-project\tool_kits\game\debug\game.tlog\lib-link.read.1.tlog
d:\work\common-project\tool_kits\game\debug\game.tlog\lib-link.write.1.tlog
d:\work\common-project\tool_kits\game\debug\game.tlog\lib.command.1.tlog
