Build started 2018/11/5 14:26:33.
     1>Project "D:\Work\common-project\base_project\base\base.vcxproj" on node 2 (Rebuild target(s)).
     1>ClCompile:
         C:\Program Files (x86)\Microsoft Visual Studio 12.0\VC\bin\CL.exe /c /I..\ /I.\ /I..\..\..\libs\include\ /ZI /nologo /W4 /WX /Od /Oy- /D WIN32 /D _DEBUG /D _LIB /D NOMINMAX /D WITH_ENCRYPT /D CURL_STATICLIB /D _USING_V110_SDK71_ /D _UNICODE /D UNICODE /Gm /EHsc /RTC1 /MDd /GS /fp:precise /Zc:wchar_t /Zc:forScope /Fo"Debug\\" /Fd"Debug\vc120.pdb" /Gd /TP /wd4100 /wd4127 /wd4244 /wd4245 /wd4310 /wd4355 /wd4505 /analyze- /errorReport:prompt encrypt\des.cpp file\file_util.cpp file\file_util_posix.cpp file\file_util_win.cpp framework\default_message_pump.cpp framework\message_loop.cpp framework\message_loop_proxy.cpp framework\message_pump.cpp framework\win_io_message_pump.cpp framework\win_message_pump.cpp framework\win_ui_message_pump.cpp hardware\cpu.cpp network\network_util.cpp synchronization\lock_posix.cpp synchronization\lock_win.cpp synchronization\semaphore_posix.cpp synchronization\semaphore_win.cpp synchronization\waitable_event_posix.cpp synchronization\waitable_event_win.cpp system\api_setting.cpp third_party\chrome\atomicops_internals_x86_gcc.cc third_party\modp_b64\modp_b64.cc thread\framework_thread.cpp thread\thread_local_posix.cpp thread\thread_local_win.cpp thread\thread_manager.cpp thread\thread_posix.cpp thread\thread_win.cpp time\time.cpp time\time_posix.cpp time\time_win.cpp util\at_exit.cpp util\base64.cpp util\cmd_line_args.cpp util\string_number_conversions.cpp util\string_util.cpp util\util.cpp win32\object_watcher.cpp win32\path_util.cpp win32\platform_string_util.cpp win32\security_util.cpp win32\shared_memory.cpp win32\win_util.cpp
         win_util.cpp
         shared_memory.cpp
         security_util.cpp
         platform_string_util.cpp
         path_util.cpp
         object_watcher.cpp
         util.cpp
         string_util.cpp
         string_number_conversions.cpp
         cmd_line_args.cpp
         base64.cpp
         at_exit.cpp
         time_win.cpp
         time_posix.cpp
         time.cpp
         thread_win.cpp
         thread_posix.cpp
         thread_manager.cpp
         thread_local_win.cpp
         thread_local_posix.cpp
         Generating Code...
         Compiling...
         framework_thread.cpp
         modp_b64.cc
         atomicops_internals_x86_gcc.cc
         api_setting.cpp
         waitable_event_win.cpp
         waitable_event_posix.cpp
         semaphore_win.cpp
         semaphore_posix.cpp
         lock_win.cpp
         lock_posix.cpp
         network_util.cpp
         cpu.cpp
         win_ui_message_pump.cpp
         win_message_pump.cpp
         win_io_message_pump.cpp
         message_pump.cpp
         message_loop_proxy.cpp
         message_loop.cpp
         default_message_pump.cpp
         file_util_win.cpp
         Generating Code...
         Compiling...
         file_util_posix.cpp
         file_util.cpp
         des.cpp
         Generating Code...
         C:\Program Files (x86)\Microsoft Visual Studio 12.0\VC\bin\CL.exe /c /I..\ /I.\ /I..\..\..\libs\include\ /ZI /nologo /W4 /WX /Od /Oy- /D WIN32 /D _DEBUG /D _LIB /D NOMINMAX /D WITH_ENCRYPT /D CURL_STATICLIB /D _USING_V110_SDK71_ /D _UNICODE /D UNICODE /Gm /EHsc /RTC1 /MDd /GS /fp:precise /Zc:wchar_t /Zc:forScope /Fo"Debug\\" /Fd"Debug\vc120.pdb" /Gd /TC /wd4100 /wd4127 /wd4244 /wd4245 /wd4310 /wd4355 /wd4505 /analyze- /errorReport:prompt third_party\convert_utf\ConvertUTF.c
         ConvertUTF.c
       Lib:
         C:\Program Files (x86)\Microsoft Visual Studio 12.0\VC\bin\Lib.exe /OUT:"D:\Work\common-project\base_project\Win32\Debug\base_d.lib" Ws2_32.lib Iphlpapi.lib netapi32.lib Snmpapi.lib /LIBPATH:"D:\Work\common-project\base_project\base\..\..\libs\\" /NOLOGO Debug\des.obj
         Debug\file_util.obj
         Debug\file_util_posix.obj
         Debug\file_util_win.obj
         Debug\default_message_pump.obj
         Debug\message_loop.obj
         Debug\message_loop_proxy.obj
         Debug\message_pump.obj
         Debug\win_io_message_pump.obj
         Debug\win_message_pump.obj
         Debug\win_ui_message_pump.obj
         Debug\cpu.obj
         Debug\network_util.obj
         Debug\lock_posix.obj
         Debug\lock_win.obj
         Debug\semaphore_posix.obj
         Debug\semaphore_win.obj
         Debug\waitable_event_posix.obj
         Debug\waitable_event_win.obj
         Debug\api_setting.obj
         Debug\atomicops_internals_x86_gcc.obj
         Debug\ConvertUTF.obj
         Debug\modp_b64.obj
         Debug\framework_thread.obj
         Debug\thread_local_posix.obj
         Debug\thread_local_win.obj
         Debug\thread_manager.obj
         Debug\thread_posix.obj
         Debug\thread_win.obj
         Debug\time.obj
         Debug\time_posix.obj
         Debug\time_win.obj
         Debug\at_exit.obj
         Debug\base64.obj
         Debug\cmd_line_args.obj
         Debug\string_number_conversions.obj
         Debug\string_util.obj
         Debug\util.obj
         Debug\object_watcher.obj
         Debug\path_util.obj
         Debug\platform_string_util.obj
         Debug\security_util.obj
         Debug\shared_memory.obj
         Debug\win_util.obj
     1>Iphlpapi.lib(IPHLPAPI.DLL) : warning LNK4006: __NULL_IMPORT_DESCRIPTOR already defined in Ws2_32.lib(WS2_32.dll); second definition ignored
     1>Iphlpapi.lib(IPHLPAPI.DLL) : warning LNK4221: This object file does not define any previously undefined public symbols, so it will not be used by any link operation that consumes this library
     1>netapi32.lib(NETAPI32.dll) : warning LNK4006: __NULL_IMPORT_DESCRIPTOR already defined in Ws2_32.lib(WS2_32.dll); second definition ignored
     1>netapi32.lib(NETAPI32.dll) : warning LNK4221: This object file does not define any previously undefined public symbols, so it will not be used by any link operation that consumes this library
     1>Snmpapi.lib(snmpapi.dll) : warning LNK4006: __NULL_IMPORT_DESCRIPTOR already defined in Ws2_32.lib(WS2_32.dll); second definition ignored
     1>Snmpapi.lib(snmpapi.dll) : warning LNK4221: This object file does not define any previously undefined public symbols, so it will not be used by any link operation that consumes this library
     1>time_posix.obj : warning LNK4221: This object file does not define any previously undefined public symbols, so it will not be used by any link operation that consumes this library
     1>thread_local_posix.obj : warning LNK4221: This object file does not define any previously undefined public symbols, so it will not be used by any link operation that consumes this library
     1>file_util_posix.obj : warning LNK4221: This object file does not define any previously undefined public symbols, so it will not be used by any link operation that consumes this library
         base.vcxproj -> D:\Work\common-project\base_project\Win32\Debug\base_d.lib
       PostBuildEvent:
         xcopy "D:\Work\common-project\base_project\base\*.h" "D:\Work\common-project\base_project\..\..\libs\include\base\" /S /E /Y
         xcopy "D:\Work\common-project\base_project\build\*.h" "D:\Work\common-project\base_project\..\..\libs\include\build\" /S /E /Y
         xcopy "D:\Work\common-project\base_project\Win32\Debug\base_d.lib" "D:\Work\common-project\base_project\..\..\libs\" /S /E /Y
         :VCEnd
         D:\Work\common-project\base_project\base\base_config.h
         D:\Work\common-project\base_project\base\base_export.h
         D:\Work\common-project\base_project\base\base_types.h
         D:\Work\common-project\base_project\base\compiler_specific.h
         D:\Work\common-project\base_project\base\error.h
         D:\Work\common-project\base_project\base\macros.h
         D:\Work\common-project\base_project\base\port.h
         D:\Work\common-project\base_project\base\callback\callback.h
         D:\Work\common-project\base_project\base\encrypt\des.h
         D:\Work\common-project\base_project\base\encrypt\encrypt.h
         D:\Work\common-project\base_project\base\encrypt\encrypt_impl.h
         D:\Work\common-project\base_project\base\file\file_path.h
         D:\Work\common-project\base_project\base\file\file_util.h
         D:\Work\common-project\base_project\base\framework\default_message_pump.h
         D:\Work\common-project\base_project\base\framework\message_loop.h
         D:\Work\common-project\base_project\base\framework\message_loop_proxy.h
         D:\Work\common-project\base_project\base\framework\message_pump.h
         D:\Work\common-project\base_project\base\framework\observer_list.h
         D:\Work\common-project\base_project\base\framework\task.h
         D:\Work\common-project\base_project\base\framework\win_io_message_pump.h
         D:\Work\common-project\base_project\base\framework\win_message_pump.h
         D:\Work\common-project\base_project\base\framework\win_ui_message_pump.h
         D:\Work\common-project\base_project\base\hardware\cpu.h
         D:\Work\common-project\base_project\base\memory\blockbuffer.h
         D:\Work\common-project\base_project\base\memory\deleter.h
         D:\Work\common-project\base_project\base\memory\lazy_instance.h
         D:\Work\common-project\base_project\base\memory\objectcounter.h
         D:\Work\common-project\base_project\base\memory\objectpool.h
         D:\Work\common-project\base_project\base\memory\singleton.h
         D:\Work\common-project\base_project\base\network\network_util.h
         D:\Work\common-project\base_project\base\network\nio_base.h
         D:\Work\common-project\base_project\base\synchronization\lock.h
         D:\Work\common-project\base_project\base\synchronization\semaphore.h
         D:\Work\common-project\base_project\base\synchronization\waitable_event.h
         D:\Work\common-project\base_project\base\system\api_setting.h
         D:\Work\common-project\base_project\base\third_party\chrome\atomicops.h
         D:\Work\common-project\base_project\base\third_party\chrome\atomicops_internals_arm_gcc.h
         D:\Work\common-project\base_project\base\third_party\chrome\atomicops_internals_atomicword_compat.h
         D:\Work\common-project\base_project\base\third_party\chrome\atomicops_internals_x86_gcc.h
         D:\Work\common-project\base_project\base\third_party\chrome\atomicops_internals_x86_macosx.h
         D:\Work\common-project\base_project\base\third_party\chrome\atomicops_internals_x86_msvc.h
         D:\Work\common-project\base_project\base\third_party\convert_utf\ConvertUTF.h
         D:\Work\common-project\base_project\base\third_party\modp_b64\modp_b64.h
         D:\Work\common-project\base_project\base\third_party\modp_b64\modp_b64_data.h
         D:\Work\common-project\base_project\base\thread\framework_thread.h
         D:\Work\common-project\base_project\base\thread\thread.h
         D:\Work\common-project\base_project\base\thread\thread_local.h
         D:\Work\common-project\base_project\base\thread\thread_manager.h
         D:\Work\common-project\base_project\base\time\time.h
         D:\Work\common-project\base_project\base\util\at_exit.h
         D:\Work\common-project\base_project\base\util\auto_unregister.h
         D:\Work\common-project\base_project\base\util\base64.h
         D:\Work\common-project\base_project\base\util\cmd_line_args.h
         D:\Work\common-project\base_project\base\util\string_number_conversions.h
         D:\Work\common-project\base_project\base\util\string_util.h
         D:\Work\common-project\base_project\base\util\template_util.h
         D:\Work\common-project\base_project\base\util\unicode.h
         D:\Work\common-project\base_project\base\util\util.h
         D:\Work\common-project\base_project\base\util\valuemap.h
         D:\Work\common-project\base_project\base\win32\object_watcher.h
         D:\Work\common-project\base_project\base\win32\path_util.h
         D:\Work\common-project\base_project\base\win32\platform_string_util.h
         D:\Work\common-project\base_project\base\win32\scoped_win_handle.h
         D:\Work\common-project\base_project\base\win32\security_util.h
         D:\Work\common-project\base_project\base\win32\shared_memory.h
         D:\Work\common-project\base_project\base\win32\win_util.h
         复制了 66 个文件
         D:\Work\common-project\base_project\build\build_config.h
         D:\Work\common-project\base_project\build\stdafx.h
         D:\Work\common-project\base_project\build\winsdk_config.h
         D:\Work\common-project\base_project\build\xp_style_manifest_win.h
         复制了 4 个文件
         D:\Work\common-project\base_project\Win32\Debug\base_d.lib
         复制了 1 个文件
     1>Done Building Project "D:\Work\common-project\base_project\base\base.vcxproj" (Rebuild target(s)).

Build succeeded.

Time Elapsed 00:00:13.61
