d:\work\common-project\base_project\base\debug\vc120.pdb
d:\work\common-project\base_project\base\debug\vc120.idb
d:\work\common-project\base_project\base\debug\thread_local_posix.obj
d:\work\common-project\base_project\base\debug\thread_local_win.obj
d:\work\common-project\base_project\base\debug\thread_manager.obj
d:\work\common-project\base_project\base\debug\thread_posix.obj
d:\work\common-project\base_project\base\debug\thread_win.obj
d:\work\common-project\base_project\base\debug\time.obj
d:\work\common-project\base_project\base\debug\time_posix.obj
d:\work\common-project\base_project\base\debug\time_win.obj
d:\work\common-project\base_project\base\debug\at_exit.obj
d:\work\common-project\base_project\base\debug\base64.obj
d:\work\common-project\base_project\base\debug\cmd_line_args.obj
d:\work\common-project\base_project\base\debug\string_number_conversions.obj
d:\work\common-project\base_project\base\debug\string_util.obj
d:\work\common-project\base_project\base\debug\util.obj
d:\work\common-project\base_project\base\debug\object_watcher.obj
d:\work\common-project\base_project\base\debug\path_util.obj
d:\work\common-project\base_project\base\debug\platform_string_util.obj
d:\work\common-project\base_project\base\debug\security_util.obj
d:\work\common-project\base_project\base\debug\shared_memory.obj
d:\work\common-project\base_project\base\debug\win_util.obj
d:\work\common-project\base_project\base\debug\file_util_win.obj
d:\work\common-project\base_project\base\debug\default_message_pump.obj
d:\work\common-project\base_project\base\debug\message_loop.obj
d:\work\common-project\base_project\base\debug\message_loop_proxy.obj
d:\work\common-project\base_project\base\debug\message_pump.obj
d:\work\common-project\base_project\base\debug\win_io_message_pump.obj
d:\work\common-project\base_project\base\debug\win_message_pump.obj
d:\work\common-project\base_project\base\debug\win_ui_message_pump.obj
d:\work\common-project\base_project\base\debug\cpu.obj
d:\work\common-project\base_project\base\debug\network_util.obj
d:\work\common-project\base_project\base\debug\lock_posix.obj
d:\work\common-project\base_project\base\debug\lock_win.obj
d:\work\common-project\base_project\base\debug\semaphore_posix.obj
d:\work\common-project\base_project\base\debug\semaphore_win.obj
d:\work\common-project\base_project\base\debug\waitable_event_posix.obj
d:\work\common-project\base_project\base\debug\waitable_event_win.obj
d:\work\common-project\base_project\base\debug\api_setting.obj
d:\work\common-project\base_project\base\debug\atomicops_internals_x86_gcc.obj
d:\work\common-project\base_project\base\debug\modp_b64.obj
d:\work\common-project\base_project\base\debug\framework_thread.obj
d:\work\common-project\base_project\base\debug\des.obj
d:\work\common-project\base_project\base\debug\file_util.obj
d:\work\common-project\base_project\base\debug\file_util_posix.obj
d:\work\common-project\base_project\base\debug\convertutf.obj
d:\work\common-project\base_project\win32\debug\base_d.lib
d:\work\common-project\base_project\base\debug\base.tlog\cl.command.1.tlog
d:\work\common-project\base_project\base\debug\base.tlog\cl.read.1.tlog
d:\work\common-project\base_project\base\debug\base.tlog\cl.write.1.tlog
d:\work\common-project\base_project\base\debug\base.tlog\lib-link.read.1.tlog
d:\work\common-project\base_project\base\debug\base.tlog\lib-link.write.1.tlog
d:\work\common-project\base_project\base\debug\base.tlog\lib.command.1.tlog
