d:\work\common-project\tool_kits\common\debug\vc120.pdb
d:\work\common-project\tool_kits\common\debug\ui_utils.obj
d:\work\common-project\tool_kits\common\debug\common_tool.obj
d:\work\common-project\tool_kits\common\debug\api_common_tool.obj
d:\work\common-project\tool_kits\common\debug\system_tool.obj
d:\work\common-project\tool_kits\common\debug\count_down_latch.obj
d:\work\common-project\tool_kits\common\debug\shortcut_manager.obj
d:\work\common-project\tool_kits\common\debug\common_setting.obj
d:\work\common-project\tool_kits\common\debug\cef_data_setting.obj
d:\work\common-project\tool_kits\common\debug\moc_shortcut_manager.obj
d:\work\common-project\tool_kits\common\debug\cpu_usage.obj
d:\work\common-project\tool_kits\common\debug\cpu_memory_detect.obj
d:\work\common-project\tool_kits\common\generatedfiles\debug\moc_shortcut_manager.cpp
d:\work\common-project\tool_kits\win32\debug\common_d.lib
d:\work\common-project\tool_kits\common\debug\common.tlog\cl.command.1.tlog
d:\work\common-project\tool_kits\common\debug\common.tlog\cl.read.1.tlog
d:\work\common-project\tool_kits\common\debug\common.tlog\cl.write.1.tlog
d:\work\common-project\tool_kits\common\debug\common.tlog\custombuild.command.1.tlog
d:\work\common-project\tool_kits\common\debug\common.tlog\custombuild.read.1.tlog
d:\work\common-project\tool_kits\common\debug\common.tlog\custombuild.write.1.tlog
d:\work\common-project\tool_kits\common\debug\common.tlog\lib-link.read.1.tlog
d:\work\common-project\tool_kits\common\debug\common.tlog\lib-link.write.1.tlog
d:\work\common-project\tool_kits\common\debug\common.tlog\lib.command.1.tlog
