Build started 2018/11/5 15:12:40.
     1>Project "D:\Work\common-project\tool_kits\common\common.vcxproj" on node 2 (Build target(s)).
     1>C:\Program Files (x86)\MSBuild\Microsoft.Cpp\v4.0\V120\Microsoft.CppBuild.targets(935,5): warning MSB8027: Two or more files with the name of moc_shortcut_manager.cpp will produce outputs to the same location. This can lead to an incorrect build result.  The files involved are GeneratedFiles\Debug\moc_shortcut_manager.cpp, GeneratedFiles\Release\moc_shortcut_manager.cpp.
     1>Lib:
         common.vcxproj -> D:\Work\common-project\tool_kits\Win32\Debug\common_d.lib
       PostBuildEvent:
         xcopy "D:\Work\common-project\tool_kits\common\*.h" "D:\Work\common-project\tool_kits\..\..\libs\include\common\" /S /E /Y
         xcopy "D:\Work\common-project\tool_kits\Win32\Debug\common_d.lib" "D:\Work\common-project\tool_kits\..\..\libs\" /S /E /Y
         :VCEnd
         D:\Work\common-project\tool_kits\common\class_runtime_info\class_runtime_info.h
         D:\Work\common-project\tool_kits\common\cpu\cpu_memory_detect.h
         D:\Work\common-project\tool_kits\common\cpu\cpu_usage.h
         D:\Work\common-project\tool_kits\common\cpu\process_task_result.h
         D:\Work\common-project\tool_kits\common\macros\class_member_def.h
         D:\Work\common-project\tool_kits\common\macros\json_def.h
         D:\Work\common-project\tool_kits\common\setting\cef_data_setting.h
         D:\Work\common-project\tool_kits\common\setting\common_setting.h
         D:\Work\common-project\tool_kits\common\setting\comm_static.h
         D:\Work\common-project\tool_kits\common\Shortcut\shortcut_manager.h
         D:\Work\common-project\tool_kits\common\synchronization\count_down_latch.h
         D:\Work\common-project\tool_kits\common\system\system_tool.h
         D:\Work\common-project\tool_kits\common\tool\api_common_tool.h
         D:\Work\common-project\tool_kits\common\tool\common_tool.h
         D:\Work\common-project\tool_kits\common\uiutils\ui_utils.h
         D:\Work\common-project\tool_kits\common\weak_callback\singleton_support_weak_callback.h
         D:\Work\common-project\tool_kits\common\weak_callback\weak_callback.h
         复制了 17 个文件
         D:\Work\common-project\tool_kits\Win32\Debug\common_d.lib
         复制了 1 个文件
     1>Done Building Project "D:\Work\common-project\tool_kits\common\common.vcxproj" (Build target(s)).

Build succeeded.

Time Elapsed 00:00:00.27
