Build started 2018/9/29 14:28:29.
     1>Project "D:\Work\common-project\base_project\qthread_manager\qthread_manager.vcxproj" on node 2 (Rebuild target(s)).
     1>ClCompile:
         C:\Program Files (x86)\Microsoft Visual Studio 12.0\VC\bin\CL.exe /c /I.\GeneratedFiles /I. /ID:\Qt\Qt5.5.1\5.5\msvc2013\include /I.\GeneratedFiles\Release /ID:\Qt\Qt5.5.1\5.5\msvc2013\include\QtCore /I..\..\..\libs\include\ /nologo /W1 /WX- /O2 /Oy- /D UNICODE /D WIN32 /D WIN64 /D QT_DLL /D QT_NO_DEBUG /D NDEBUG /D QT_CORE_LIB /D QTHREAD_MANAGER_LIB /D _USING_V110_SDK71_ /D _UNICODE /D UNICODE /Gm- /EHsc /MD /GS /fp:precise /Zc:wchar_t /Zc:forScope /Fo"Release\\" /Fd"Release\vc120.pdb" /Gd /TP /analyze- /errorReport:prompt base_task_thread.cpp base_thread_manager.cpp closure.cpp framework_qthread.cpp qbasethread.cpp qthread_manager.cpp
         base_task_thread.cpp
         base_thread_manager.cpp
         closure.cpp
         framework_qthread.cpp
         qbasethread.cpp
         qthread_manager.cpp
         Generating Code...
       Lib:
         C:\Program Files (x86)\Microsoft Visual Studio 12.0\VC\bin\Lib.exe /OUT:"D:\Work\common-project\base_project\Win32\Release\qthread_manager.lib" /LIBPATH:..\..\..\libs\ /NOLOGO Release\base_task_thread.obj
         Release\base_thread_manager.obj
         Release\closure.obj
         Release\framework_qthread.obj
         Release\qbasethread.obj
         Release\qthread_manager.obj
         qthread_manager.vcxproj -> D:\Work\common-project\base_project\Win32\Release\qthread_manager.lib
       PostBuildEvent:
         xcopy "D:\Work\common-project\base_project\qthread_manager\*.h" "D:\Work\common-project\base_project\..\..\libs\include\qthread_manager\" /S /E /Y
         xcopy "D:\Work\common-project\base_project\Win32\Release\qthread_manager.lib" "D:\Work\common-project\base_project\..\..\libs\" /S /E /Y
         :VCEnd
         D:\Work\common-project\base_project\qthread_manager\base_task_thread.h
         D:\Work\common-project\base_project\qthread_manager\base_thread_manager.h
         D:\Work\common-project\base_project\qthread_manager\closure.h
         D:\Work\common-project\base_project\qthread_manager\framework_qthread.h
         D:\Work\common-project\base_project\qthread_manager\qbasethread.h
         D:\Work\common-project\base_project\qthread_manager\qthread_manager.h
         D:\Work\common-project\base_project\qthread_manager\qthread_manager_global.h
         复制了 7 个文件
         D:\Work\common-project\base_project\Win32\Release\qthread_manager.lib
         复制了 1 个文件
     1>Done Building Project "D:\Work\common-project\base_project\qthread_manager\qthread_manager.vcxproj" (Rebuild target(s)).

Build succeeded.

Time Elapsed 00:00:05.34
