d:\work\common-project\tool_kits\common\release\ui_utils.obj
d:\work\common-project\tool_kits\common\release\common_tool.obj
d:\work\common-project\tool_kits\common\release\api_common_tool.obj
d:\work\common-project\tool_kits\common\release\system_tool.obj
d:\work\common-project\tool_kits\common\release\count_down_latch.obj
d:\work\common-project\tool_kits\common\release\shortcut_manager.obj
d:\work\common-project\tool_kits\common\release\common_setting.obj
d:\work\common-project\tool_kits\common\release\moc_shortcut_manager.obj
d:\work\common-project\tool_kits\common\release\cpu_usage.obj
d:\work\common-project\tool_kits\common\release\cpu_memory_detect.obj
d:\work\common-project\tool_kits\common\generatedfiles\release\moc_shortcut_manager.cpp
d:\work\common-project\tool_kits\win32\release\common.lib
d:\work\common-project\tool_kits\common\release\common.tlog\cl.command.1.tlog
d:\work\common-project\tool_kits\common\release\common.tlog\cl.read.1.tlog
d:\work\common-project\tool_kits\common\release\common.tlog\cl.write.1.tlog
d:\work\common-project\tool_kits\common\release\common.tlog\custombuild.command.1.tlog
d:\work\common-project\tool_kits\common\release\common.tlog\custombuild.read.1.tlog
d:\work\common-project\tool_kits\common\release\common.tlog\custombuild.write.1.tlog
d:\work\common-project\tool_kits\common\release\common.tlog\lib-link.read.1.tlog
d:\work\common-project\tool_kits\common\release\common.tlog\lib-link.write.1.tlog
d:\work\common-project\tool_kits\common\release\common.tlog\lib.command.1.tlog
