d:\work\common-project\base_project\base\release\vc120.pdb
d:\work\common-project\base_project\base\release\api_setting.obj
d:\work\common-project\base_project\base\release\waitable_event_win.obj
d:\work\common-project\base_project\base\release\waitable_event_posix.obj
d:\work\common-project\base_project\base\release\semaphore_win.obj
d:\work\common-project\base_project\base\release\semaphore_posix.obj
d:\work\common-project\base_project\base\release\lock_win.obj
d:\work\common-project\base_project\base\release\lock_posix.obj
d:\work\common-project\base_project\base\release\network_util.obj
d:\work\common-project\base_project\base\release\cpu.obj
d:\work\common-project\base_project\base\release\win_ui_message_pump.obj
d:\work\common-project\base_project\base\release\win_message_pump.obj
d:\work\common-project\base_project\base\release\win_io_message_pump.obj
d:\work\common-project\base_project\base\release\message_pump.obj
d:\work\common-project\base_project\base\release\message_loop_proxy.obj
d:\work\common-project\base_project\base\release\message_loop.obj
d:\work\common-project\base_project\base\release\default_message_pump.obj
d:\work\common-project\base_project\base\release\file_util_win.obj
d:\work\common-project\base_project\base\release\file_util_posix.obj
d:\work\common-project\base_project\base\release\file_util.obj
d:\work\common-project\base_project\base\release\des.obj
d:\work\common-project\base_project\base\release\platform_string_util.obj
d:\work\common-project\base_project\base\release\path_util.obj
d:\work\common-project\base_project\base\release\object_watcher.obj
d:\work\common-project\base_project\base\release\util.obj
d:\work\common-project\base_project\base\release\string_util.obj
d:\work\common-project\base_project\base\release\string_number_conversions.obj
d:\work\common-project\base_project\base\release\cmd_line_args.obj
d:\work\common-project\base_project\base\release\base64.obj
d:\work\common-project\base_project\base\release\at_exit.obj
d:\work\common-project\base_project\base\release\time_win.obj
d:\work\common-project\base_project\base\release\time_posix.obj
d:\work\common-project\base_project\base\release\time.obj
d:\work\common-project\base_project\base\release\thread_win.obj
d:\work\common-project\base_project\base\release\thread_posix.obj
d:\work\common-project\base_project\base\release\thread_manager.obj
d:\work\common-project\base_project\base\release\thread_local_win.obj
d:\work\common-project\base_project\base\release\thread_local_posix.obj
d:\work\common-project\base_project\base\release\framework_thread.obj
d:\work\common-project\base_project\base\release\modp_b64.obj
d:\work\common-project\base_project\base\release\atomicops_internals_x86_gcc.obj
d:\work\common-project\base_project\base\release\win_util.obj
d:\work\common-project\base_project\base\release\shared_memory.obj
d:\work\common-project\base_project\base\release\security_util.obj
d:\work\common-project\base_project\base\release\convertutf.obj
d:\work\common-project\base_project\win32\release\base.lib
d:\work\common-project\base_project\base\release\base.tlog\cl.command.1.tlog
d:\work\common-project\base_project\base\release\base.tlog\cl.read.1.tlog
d:\work\common-project\base_project\base\release\base.tlog\cl.write.1.tlog
d:\work\common-project\base_project\base\release\base.tlog\lib-link.read.1.tlog
d:\work\common-project\base_project\base\release\base.tlog\lib-link.write.1.tlog
d:\work\common-project\base_project\base\release\base.tlog\lib.command.1.tlog
